********************************************************************************
DUPLICATOR-LITE PACKAGE-LOG: November 26, 2018 6:41 am
NOTICE: Do NOT post to public sites or forums 
********************************************************************************
VERSION:	1.2.52
WORDPRESS:	4.9.8
PHP INFO:	7.1.20 | SAPI: apache2handler
SERVER:		Apache/2.4.25 (Debian) 
PHP TIME LIMIT: (0) no time limit imposed 
PHP MAX MEMORY: 2048M (128M default) 
MEMORY STACK: 4MB 

********************************************************************************
DATABASE:
********************************************************************************
BUILD MODE:   MYSQLDUMP
MYSQLTIMEOUT: 5000
MYSQLDUMP:    Is Supported 
FILTERED: [] 
RESPONSE: Ran from /usr/bin/mysqldump 
TABLES: total:17 | filtered:0 | create:17 
SQL CREATED: 20181126_pushly_ae45b5f3ff87e6005927_20181126064108_database.sql 
SQL FILE SIZE: 549.18KB (562362) 
SQL FILE TIME: 2018-11-26 06:41:18 
SQL RUNTIME: 0.16 sec. 

******************************************************************************** 
ARCHIVE (ZIP): 
******************************************************************************** 
ARCHIVE DIR:  /var/www/html/pushly.loc/trunk 
ARCHIVE FILE: 20181126_pushly_ae45b5f3ff87e6005927_20181126064108_archive.zip 
FILTERS: *OFF* 
DIRS:
	not set 
FILES:
	not set 
EXTS:  not set 
---------------------------------------- 
COMPRESSING 
SIZE:	0B 
STATS:	Dirs 0 | Files 0 
SQL ADDED: 20181126_pushly_ae45b5f3ff87e6005927_20181126064108_database.sql 
ZipArchive Object
(
    [status] => 0
    [statusSys] => 0
    [numFiles] => 1
    [filename] => /var/www/html/pushly.loc/trunk/wp-snapshots/tmp/20181126_pushly_ae45b5f3ff87e6005927_20181126064108_archive.zip
    [comment] => 
)
 
COMPRESSION RESULT: '1' 
COMPRESSED SIZE: 131.31KB 
ARCHIVE RUNTIME: 0.06 sec. 
MEMORY STACK: 4MB 

******************************************************************************** 
MAKE INSTALLER: 
******************************************************************************** 
Build Start 
Build Finished 
Preparing for use 
PACK SIZE:  
Template parsed with new data 
Complete [/var/www/html/pushly.loc/trunk/wp-snapshots/tmp/20181126_pushly_ae45b5f3ff87e6005927_20181126064108_installer.php] 
Added to archive 

******************************************************************************** 
INTEGRITY CHECKS: 
******************************************************************************** 
SQL File: 549.18KB 
Installer File: 514.14KB 
Archive File: 131.31KB  

********************************************************************************
RECORD ID:[1]
TOTAL PROCESS RUNTIME: 1.03 sec.
PEAK PHP MEMORY USED: 6MB
DONE PROCESSING => 20181126_pushly November 26, 2018 6:41 am
 
